2020年07月26日 13:44:33  信息: cj.studio.ecm.Assembly - 发现程序集的外部属性配置文件，路径：/Users/caroceanjofers/studio/cj.studio.ecm/examples/properties/Assembly.properties
2020年07月26日 13:44:33  信息: cj.studio.ecm.Assembly - 发现程序集的外部上下文配置文件，路径：/Users/caroceanjofers/studio/cj.studio.ecm/examples/properties/Assembly.yaml
2020年07月26日 13:45:27  信息: cj.studio.ecm.Assembly - 发现程序集的外部属性配置文件，路径：/Users/caroceanjofers/studio/cj.studio.ecm/examples/properties/Assembly.properties
2020年07月26日 13:45:39  信息: cj.studio.ecm.Assembly - 发现程序集的外部上下文配置文件，路径：/Users/caroceanjofers/studio/cj.studio.ecm/examples/properties/Assembly.yaml
2025年01月09日 20:50:09  信息: cj.studio.ecm.Assembly - 发现程序集的外部属性配置文件，路径：/Users/andrewjoes/Studio/projects/cj.studio.ecm/examples/properties/Assembly.properties
2025年01月09日 20:50:09  信息: cj.studio.ecm.Assembly - 发现程序集的外部上下文配置文件，路径：/Users/andrewjoes/Studio/projects/cj.studio.ecm/examples/properties/Assembly.yaml
2025年01月09日 20:50:11  信息: cj.studio.ecm.Assembly - 发现程序集的外部属性配置文件，路径：/Users/andrewjoes/Studio/projects/cj.studio.ecm/examples/properties/Assembly.properties
2025年01月09日 20:50:11  信息: cj.studio.ecm.Assembly - 发现程序集的外部上下文配置文件，路径：/Users/andrewjoes/Studio/projects/cj.studio.ecm/examples/properties/Assembly.yaml
2025年01月09日 20:55:39  信息: cj.studio.ecm.Assembly - 发现程序集的外部属性配置文件，路径：/Users/andrewjoes/Studio/projects/cj.studio.ecm/examples/properties/Assembly.properties
2025年01月09日 20:55:39  信息: cj.studio.ecm.Assembly - 发现程序集的外部上下文配置文件，路径：/Users/andrewjoes/Studio/projects/cj.studio.ecm/examples/properties/Assembly.yaml
2025年01月09日 20:55:39  信息: cj.studio.ecm.Assembly - 发现程序集的外部属性配置文件，路径：/Users/andrewjoes/Studio/projects/cj.studio.ecm/examples/properties/Assembly.properties
2025年01月09日 20:55:39  信息: cj.studio.ecm.Assembly - 发现程序集的外部上下文配置文件，路径：/Users/andrewjoes/Studio/projects/cj.studio.ecm/examples/properties/Assembly.yaml
2025年01月09日 21:02:26  信息: cj.studio.ecm.Assembly - 发现程序集的外部属性配置文件，路径：/Users/andrewjoes/Studio/projects/cj.studio.ecm/examples/properties/Assembly.properties
2025年01月09日 21:02:26  信息: cj.studio.ecm.Assembly - 发现程序集的外部上下文配置文件，路径：/Users/andrewjoes/Studio/projects/cj.studio.ecm/examples/properties/Assembly.yaml
2025年01月09日 21:02:26  信息: cj.studio.ecm.Assembly - 发现程序集的外部属性配置文件，路径：/Users/andrewjoes/Studio/projects/cj.studio.ecm/examples/properties/Assembly.properties
2025年01月09日 21:02:26  信息: cj.studio.ecm.Assembly - 发现程序集的外部上下文配置文件，路径：/Users/andrewjoes/Studio/projects/cj.studio.ecm/examples/properties/Assembly.yaml
2025年01月09日 21:03:06  信息: cj.studio.ecm.Assembly - 发现程序集的外部属性配置文件，路径：/Users/andrewjoes/Studio/projects/cj.studio.ecm/examples/properties/Assembly.properties
2025年01月09日 21:03:06  信息: cj.studio.ecm.Assembly - 发现程序集的外部上下文配置文件，路径：/Users/andrewjoes/Studio/projects/cj.studio.ecm/examples/properties/Assembly.yaml
2025年01月09日 21:03:06  信息: cj.studio.ecm.Assembly - 发现程序集的外部属性配置文件，路径：/Users/andrewjoes/Studio/projects/cj.studio.ecm/examples/properties/Assembly.properties
2025年01月09日 21:03:06  信息: cj.studio.ecm.Assembly - 发现程序集的外部上下文配置文件，路径：/Users/andrewjoes/Studio/projects/cj.studio.ecm/examples/properties/Assembly.yaml
2025年01月09日 21:08:51  信息: cj.studio.ecm.Assembly - 发现程序集的外部属性配置文件，路径：/Users/andrewjoes/Studio/projects/cj.studio.ecm/examples/properties/Assembly.properties
2025年01月09日 21:08:51  信息: cj.studio.ecm.Assembly - 发现程序集的外部上下文配置文件，路径：/Users/andrewjoes/Studio/projects/cj.studio.ecm/examples/properties/Assembly.yaml
2025年01月09日 21:08:51  信息: cj.studio.ecm.Assembly - 发现程序集的外部属性配置文件，路径：/Users/andrewjoes/Studio/projects/cj.studio.ecm/examples/properties/Assembly.properties
2025年01月09日 21:08:51  信息: cj.studio.ecm.Assembly - 发现程序集的外部上下文配置文件，路径：/Users/andrewjoes/Studio/projects/cj.studio.ecm/examples/properties/Assembly.yaml
2025年01月09日 21:11:01  信息: cj.studio.ecm.Assembly - 发现程序集的外部属性配置文件，路径：/Users/andrewjoes/Studio/projects/cj.studio.ecm/examples/properties/Assembly.properties
2025年01月09日 21:11:01  信息: cj.studio.ecm.Assembly - 发现程序集的外部上下文配置文件，路径：/Users/andrewjoes/Studio/projects/cj.studio.ecm/examples/properties/Assembly.yaml
2025年01月09日 21:11:02  信息: cj.studio.ecm.Assembly - 发现程序集的外部属性配置文件，路径：/Users/andrewjoes/Studio/projects/cj.studio.ecm/examples/properties/Assembly.properties
2025年01月09日 21:11:02  信息: cj.studio.ecm.Assembly - 发现程序集的外部上下文配置文件，路径：/Users/andrewjoes/Studio/projects/cj.studio.ecm/examples/properties/Assembly.yaml
2025年01月09日 21:11:30  信息: cj.studio.ecm.Assembly - 发现程序集的外部属性配置文件，路径：/Users/andrewjoes/Studio/projects/cj.studio.ecm/examples/properties/Assembly.properties
2025年01月09日 21:11:30  信息: cj.studio.ecm.Assembly - 发现程序集的外部上下文配置文件，路径：/Users/andrewjoes/Studio/projects/cj.studio.ecm/examples/properties/Assembly.yaml
2025年01月09日 21:11:30  信息: cj.studio.ecm.Assembly - 发现程序集的外部属性配置文件，路径：/Users/andrewjoes/Studio/projects/cj.studio.ecm/examples/properties/Assembly.properties
2025年01月09日 21:11:30  信息: cj.studio.ecm.Assembly - 发现程序集的外部上下文配置文件，路径：/Users/andrewjoes/Studio/projects/cj.studio.ecm/examples/properties/Assembly.yaml
2025年01月09日 21:14:47  信息: cj.studio.ecm.Assembly - 发现程序集的外部属性配置文件，路径：/Users/andrewjoes/Studio/projects/cj.studio.ecm/examples/properties/Assembly.properties
2025年01月09日 21:14:47  信息: cj.studio.ecm.Assembly - 发现程序集的外部上下文配置文件，路径：/Users/andrewjoes/Studio/projects/cj.studio.ecm/examples/properties/Assembly.yaml
2025年01月09日 21:14:47  信息: cj.studio.ecm.Assembly - 发现程序集的外部属性配置文件，路径：/Users/andrewjoes/Studio/projects/cj.studio.ecm/examples/properties/Assembly.properties
2025年01月09日 21:14:47  信息: cj.studio.ecm.Assembly - 发现程序集的外部上下文配置文件，路径：/Users/andrewjoes/Studio/projects/cj.studio.ecm/examples/properties/Assembly.yaml
2025年01月09日 21:15:39  信息: cj.studio.ecm.Assembly - 发现程序集的外部属性配置文件，路径：/Users/andrewjoes/Studio/projects/cj.studio.ecm/examples/properties/Assembly.properties
2025年01月09日 21:15:39  信息: cj.studio.ecm.Assembly - 发现程序集的外部上下文配置文件，路径：/Users/andrewjoes/Studio/projects/cj.studio.ecm/examples/properties/Assembly.yaml
2025年01月09日 21:15:40  信息: cj.studio.ecm.Assembly - 发现程序集的外部属性配置文件，路径：/Users/andrewjoes/Studio/projects/cj.studio.ecm/examples/properties/Assembly.properties
2025年01月09日 21:15:40  信息: cj.studio.ecm.Assembly - 发现程序集的外部上下文配置文件，路径：/Users/andrewjoes/Studio/projects/cj.studio.ecm/examples/properties/Assembly.yaml
2025年01月09日 23:37:31  信息: cj.studio.ecm.Assembly - 发现程序集的外部属性配置文件，路径：/Users/andrewjoes/Studio/projects/cj.studio.ecm/examples/properties/Assembly.properties
2025年01月09日 23:37:31  信息: cj.studio.ecm.Assembly - 发现程序集的外部上下文配置文件，路径：/Users/andrewjoes/Studio/projects/cj.studio.ecm/examples/properties/Assembly.yaml
2025年01月09日 23:37:31  信息: cj.studio.ecm.Assembly - 发现程序集的外部属性配置文件，路径：/Users/andrewjoes/Studio/projects/cj.studio.ecm/examples/properties/Assembly.properties
2025年01月09日 23:37:31  信息: cj.studio.ecm.Assembly - 发现程序集的外部上下文配置文件，路径：/Users/andrewjoes/Studio/projects/cj.studio.ecm/examples/properties/Assembly.yaml
2025年01月09日 23:38:35  信息: cj.studio.ecm.Assembly - 发现程序集的外部属性配置文件，路径：/Users/andrewjoes/Studio/projects/cj.studio.ecm/examples/properties/Assembly.properties
2025年01月09日 23:38:35  信息: cj.studio.ecm.Assembly - 发现程序集的外部上下文配置文件，路径：/Users/andrewjoes/Studio/projects/cj.studio.ecm/examples/properties/Assembly.yaml
2025年01月09日 23:38:35  信息: cj.studio.ecm.Assembly - 发现程序集的外部属性配置文件，路径：/Users/andrewjoes/Studio/projects/cj.studio.ecm/examples/properties/Assembly.properties
2025年01月09日 23:38:35  信息: cj.studio.ecm.Assembly - 发现程序集的外部上下文配置文件，路径：/Users/andrewjoes/Studio/projects/cj.studio.ecm/examples/properties/Assembly.yaml
2025年01月09日 23:40:19  信息: cj.studio.ecm.Assembly - 发现程序集的外部属性配置文件，路径：/Users/andrewjoes/Studio/projects/cj.studio.ecm/examples/properties/Assembly.properties
2025年01月09日 23:40:19  信息: cj.studio.ecm.Assembly - 发现程序集的外部上下文配置文件，路径：/Users/andrewjoes/Studio/projects/cj.studio.ecm/examples/properties/Assembly.yaml
2025年01月09日 23:40:19  信息: cj.studio.ecm.Assembly - 发现程序集的外部属性配置文件，路径：/Users/andrewjoes/Studio/projects/cj.studio.ecm/examples/properties/Assembly.properties
2025年01月09日 23:40:19  信息: cj.studio.ecm.Assembly - 发现程序集的外部上下文配置文件，路径：/Users/andrewjoes/Studio/projects/cj.studio.ecm/examples/properties/Assembly.yaml
2025年01月09日 23:41:20  信息: cj.studio.ecm.Assembly - 发现程序集的外部属性配置文件，路径：/Users/andrewjoes/Studio/projects/cj.studio.ecm/examples/properties/Assembly.properties
2025年01月09日 23:41:20  信息: cj.studio.ecm.Assembly - 发现程序集的外部上下文配置文件，路径：/Users/andrewjoes/Studio/projects/cj.studio.ecm/examples/properties/Assembly.yaml
2025年01月09日 23:41:20  信息: cj.studio.ecm.Assembly - 发现程序集的外部属性配置文件，路径：/Users/andrewjoes/Studio/projects/cj.studio.ecm/examples/properties/Assembly.properties
2025年01月09日 23:41:20  信息: cj.studio.ecm.Assembly - 发现程序集的外部上下文配置文件，路径：/Users/andrewjoes/Studio/projects/cj.studio.ecm/examples/properties/Assembly.yaml
2025年01月09日 23:49:04  信息: cj.studio.ecm.Assembly - 发现程序集的外部属性配置文件，路径：/Users/andrewjoes/Studio/projects/cj.studio.ecm/examples/properties/Assembly.properties
2025年01月09日 23:49:04  信息: cj.studio.ecm.Assembly - 发现程序集的外部上下文配置文件，路径：/Users/andrewjoes/Studio/projects/cj.studio.ecm/examples/properties/Assembly.yaml
2025年01月09日 23:49:04  信息: cj.studio.ecm.Assembly - 发现程序集的外部属性配置文件，路径：/Users/andrewjoes/Studio/projects/cj.studio.ecm/examples/properties/Assembly.properties
2025年01月09日 23:49:04  信息: cj.studio.ecm.Assembly - 发现程序集的外部上下文配置文件，路径：/Users/andrewjoes/Studio/projects/cj.studio.ecm/examples/properties/Assembly.yaml
2025年01月09日 23:50:45  信息: cj.studio.ecm.Assembly - 发现程序集的外部属性配置文件，路径：/Users/andrewjoes/Studio/projects/cj.studio.ecm/examples/properties/Assembly.properties
2025年01月09日 23:50:45  信息: cj.studio.ecm.Assembly - 发现程序集的外部上下文配置文件，路径：/Users/andrewjoes/Studio/projects/cj.studio.ecm/examples/properties/Assembly.yaml
2025年01月09日 23:50:46  信息: cj.studio.ecm.Assembly - 发现程序集的外部属性配置文件，路径：/Users/andrewjoes/Studio/projects/cj.studio.ecm/examples/properties/Assembly.properties
2025年01月09日 23:50:46  信息: cj.studio.ecm.Assembly - 发现程序集的外部上下文配置文件，路径：/Users/andrewjoes/Studio/projects/cj.studio.ecm/examples/properties/Assembly.yaml
2025年01月10日 00:01:26  信息: cj.studio.ecm.Assembly - 发现程序集的外部属性配置文件，路径：/Users/andrewjoes/Studio/projects/cj.studio.ecm/examples/properties/Assembly.properties
2025年01月10日 00:01:26  信息: cj.studio.ecm.Assembly - 发现程序集的外部上下文配置文件，路径：/Users/andrewjoes/Studio/projects/cj.studio.ecm/examples/properties/Assembly.yaml
2025年01月10日 00:01:26  信息: cj.studio.ecm.Assembly - 发现程序集的外部属性配置文件，路径：/Users/andrewjoes/Studio/projects/cj.studio.ecm/examples/properties/Assembly.properties
2025年01月10日 00:01:26  信息: cj.studio.ecm.Assembly - 发现程序集的外部上下文配置文件，路径：/Users/andrewjoes/Studio/projects/cj.studio.ecm/examples/properties/Assembly.yaml
2025年01月10日 00:01:40  信息: cj.studio.ecm.Assembly - 发现程序集的外部属性配置文件，路径：/Users/andrewjoes/Studio/projects/cj.studio.ecm/examples/properties/Assembly.properties
2025年01月10日 00:01:40  信息: cj.studio.ecm.Assembly - 发现程序集的外部上下文配置文件，路径：/Users/andrewjoes/Studio/projects/cj.studio.ecm/examples/properties/Assembly.yaml
2025年01月10日 00:01:40  信息: cj.studio.ecm.Assembly - 发现程序集的外部属性配置文件，路径：/Users/andrewjoes/Studio/projects/cj.studio.ecm/examples/properties/Assembly.properties
2025年01月10日 00:01:40  信息: cj.studio.ecm.Assembly - 发现程序集的外部上下文配置文件，路径：/Users/andrewjoes/Studio/projects/cj.studio.ecm/examples/properties/Assembly.yaml
2025年01月10日 00:14:26  信息: cj.studio.ecm.Assembly - 发现程序集的外部属性配置文件，路径：/Users/andrewjoes/Studio/projects/cj.studio.ecm/examples/properties/Assembly.properties
2025年01月10日 00:14:26  信息: cj.studio.ecm.Assembly - 发现程序集的外部上下文配置文件，路径：/Users/andrewjoes/Studio/projects/cj.studio.ecm/examples/properties/Assembly.yaml
2025年01月10日 00:14:27  信息: cj.studio.ecm.Assembly - 发现程序集的外部属性配置文件，路径：/Users/andrewjoes/Studio/projects/cj.studio.ecm/examples/properties/Assembly.properties
2025年01月10日 00:14:27  信息: cj.studio.ecm.Assembly - 发现程序集的外部上下文配置文件，路径：/Users/andrewjoes/Studio/projects/cj.studio.ecm/examples/properties/Assembly.yaml
2025年01月10日 00:15:20  信息: cj.studio.ecm.Assembly - 发现程序集的外部属性配置文件，路径：/Users/andrewjoes/Studio/projects/cj.studio.ecm/examples/properties/Assembly.properties
2025年01月10日 00:15:20  信息: cj.studio.ecm.Assembly - 发现程序集的外部上下文配置文件，路径：/Users/andrewjoes/Studio/projects/cj.studio.ecm/examples/properties/Assembly.yaml
2025年01月10日 00:15:20  信息: cj.studio.ecm.Assembly - 发现程序集的外部属性配置文件，路径：/Users/andrewjoes/Studio/projects/cj.studio.ecm/examples/properties/Assembly.properties
2025年01月10日 00:15:20  信息: cj.studio.ecm.Assembly - 发现程序集的外部上下文配置文件，路径：/Users/andrewjoes/Studio/projects/cj.studio.ecm/examples/properties/Assembly.yaml
2025年01月10日 00:16:00  信息: cj.studio.ecm.Assembly - 发现程序集的外部属性配置文件，路径：/Users/andrewjoes/Studio/projects/cj.studio.ecm/examples/properties/Assembly.properties
2025年01月10日 00:16:00  信息: cj.studio.ecm.Assembly - 发现程序集的外部上下文配置文件，路径：/Users/andrewjoes/Studio/projects/cj.studio.ecm/examples/properties/Assembly.yaml
2025年01月10日 00:16:00  信息: cj.studio.ecm.Assembly - 发现程序集的外部属性配置文件，路径：/Users/andrewjoes/Studio/projects/cj.studio.ecm/examples/properties/Assembly.properties
2025年01月10日 00:16:00  信息: cj.studio.ecm.Assembly - 发现程序集的外部上下文配置文件，路径：/Users/andrewjoes/Studio/projects/cj.studio.ecm/examples/properties/Assembly.yaml
2025年01月10日 00:17:24  信息: cj.studio.ecm.Assembly - 发现程序集的外部属性配置文件，路径：/Users/andrewjoes/Studio/projects/cj.studio.ecm/examples/properties/Assembly.properties
2025年01月10日 00:17:24  信息: cj.studio.ecm.Assembly - 发现程序集的外部上下文配置文件，路径：/Users/andrewjoes/Studio/projects/cj.studio.ecm/examples/properties/Assembly.yaml
2025年01月10日 00:17:24  信息: cj.studio.ecm.Assembly - 发现程序集的外部属性配置文件，路径：/Users/andrewjoes/Studio/projects/cj.studio.ecm/examples/properties/Assembly.properties
2025年01月10日 00:17:24  信息: cj.studio.ecm.Assembly - 发现程序集的外部上下文配置文件，路径：/Users/andrewjoes/Studio/projects/cj.studio.ecm/examples/properties/Assembly.yaml
2025年01月10日 00:19:11  信息: cj.studio.ecm.Assembly - 发现程序集的外部属性配置文件，路径：/Users/andrewjoes/Studio/projects/cj.studio.ecm/examples/properties/Assembly.properties
2025年01月10日 00:19:11  信息: cj.studio.ecm.Assembly - 发现程序集的外部上下文配置文件，路径：/Users/andrewjoes/Studio/projects/cj.studio.ecm/examples/properties/Assembly.yaml
2025年01月10日 00:20:18  信息: cj.studio.ecm.Assembly - 发现程序集的外部属性配置文件，路径：/Users/andrewjoes/Studio/projects/cj.studio.ecm/examples/properties/Assembly.properties
2025年01月10日 00:22:11  信息: cj.studio.ecm.Assembly - 发现程序集的外部上下文配置文件，路径：/Users/andrewjoes/Studio/projects/cj.studio.ecm/examples/properties/Assembly.yaml
2025年01月10日 00:23:12  信息: cj.studio.ecm.Assembly - 发现程序集的外部属性配置文件，路径：/Users/andrewjoes/Studio/projects/cj.studio.ecm/examples/properties/Assembly.properties
2025年01月10日 00:23:12  信息: cj.studio.ecm.Assembly - 发现程序集的外部上下文配置文件，路径：/Users/andrewjoes/Studio/projects/cj.studio.ecm/examples/properties/Assembly.yaml
2025年01月10日 00:24:32  信息: cj.studio.ecm.Assembly - 发现程序集的外部属性配置文件，路径：/Users/andrewjoes/Studio/projects/cj.studio.ecm/examples/properties/Assembly.properties
2025年01月10日 00:25:50  信息: cj.studio.ecm.Assembly - 发现程序集的外部上下文配置文件，路径：/Users/andrewjoes/Studio/projects/cj.studio.ecm/examples/properties/Assembly.yaml
2025年01月10日 00:59:47  信息: cj.studio.ecm.Assembly - 发现程序集的外部属性配置文件，路径：/Users/andrewjoes/Studio/projects/cj.studio.ecm/examples/cj.studio.ecm.examples.chip1/properties/Assembly.properties
2025年01月10日 00:59:47  信息: cj.studio.ecm.Assembly - 发现程序集的外部上下文配置文件，路径：/Users/andrewjoes/Studio/projects/cj.studio.ecm/examples/cj.studio.ecm.examples.chip1/properties/Assembly.yaml
2025年01月10日 01:01:45  信息: cj.studio.ecm.Assembly - 发现程序集的外部属性配置文件，路径：/Users/andrewjoes/Studio/projects/cj.studio.ecm/examples/cj.studio.ecm.examples.chip1/properties/Assembly.properties
2025年01月10日 01:01:45  信息: cj.studio.ecm.Assembly - 发现程序集的外部上下文配置文件，路径：/Users/andrewjoes/Studio/projects/cj.studio.ecm/examples/cj.studio.ecm.examples.chip1/properties/Assembly.yaml
2025年01月10日 01:10:43  信息: cj.studio.ecm.Assembly - 发现程序集的外部属性配置文件，路径：/Users/andrewjoes/Studio/projects/cj.studio.ecm/examples/cj.studio.ecm.examples.chip1/properties/Assembly.properties
2025年01月10日 01:10:43  信息: cj.studio.ecm.Assembly - 发现程序集的外部上下文配置文件，路径：/Users/andrewjoes/Studio/projects/cj.studio.ecm/examples/cj.studio.ecm.examples.chip1/properties/Assembly.yaml
2025年01月10日 01:12:18  信息: cj.studio.ecm.Assembly - 发现程序集的外部属性配置文件，路径：/Users/andrewjoes/Studio/projects/cj.studio.ecm/examples/cj.studio.ecm.examples.chip1/properties/Assembly.properties
2025年01月10日 01:12:18  信息: cj.studio.ecm.Assembly - 发现程序集的外部上下文配置文件，路径：/Users/andrewjoes/Studio/projects/cj.studio.ecm/examples/cj.studio.ecm.examples.chip1/properties/Assembly.yaml
